step 1 : 4 5
step 2 : 3 3
step 1 : 1 1
step 2 : 2 2
step 1 : 1 2
step 2 : 2 3
step 3 : 1 3
step 4 : 1 4
step 5 : 2 2
step 6 : 3 2
step 7 : 4 1
step 8 : 3 3
step 9 : 2 4
step 10 : 3 4
step 11 : 3 1
step 12 : 4 0
step 13 : 3 5
step 14 : 4 6
step 15 : 2 1
step 16 : 5 1
step 17 : 3 0
step 18 : 4 3
step 19 : 0 3
step 20 : 5 3
step 21 : 6 3
step 22 : 5 2
step 1 : 4 5
step 2 : 5 4
step 3 : 5 6
step 4 : 3 4
step 5 : 6 5
step 6 : 4 4
step 7 : 6 4
step 8 : 5 5
step 9 : 6 6
step 10 : 6 3
step 11 : 7 4
step 12 : 8 3
step 13 : 7 5
step 14 : 5 3
step 15 : 5 7
step 16 : 7 3
step 17 : 9 3
step 18 : 4 3
